<?xml version="1.0" encoding="UTF-8"?>
<testsuite name="com.rsmaxwell.mqtt.rpc.common.LibraryTest" tests="1" skipped="0" failures="0" errors="0" timestamp="2024-06-27T11:36:26" hostname="RICHARD-PC" time="0.014">
  <properties/>
  <testcase name="someLibraryMethodReturnsTrue()" classname="com.rsmaxwell.mqtt.rpc.common.LibraryTest" time="0.014"/>
  <system-out><![CDATA[]]></system-out>
  <system-err><![CDATA[]]></system-err>
</testsuite>
