<?xml version="1.0" encoding="UTF-8"?>
<testsuite name="com.rsmaxwell.mqtt.rpc.common.MessageUtilsTest" tests="1" skipped="0" failures="0" errors="0" timestamp="2024-06-22T09:08:28" hostname="RICHARD-PC" time="0.001">
  <properties/>
  <testcase name="testGetMessage()" classname="com.rsmaxwell.mqtt.rpc.common.MessageUtilsTest" time="0.001"/>
  <system-out><![CDATA[]]></system-out>
  <system-err><![CDATA[]]></system-err>
</testsuite>
